<?xml version="1.0" encoding="UTF-8"?>
<testng-results ignored="0" total="1" passed="1" failed="0" skipped="0">
  <reporter-output>
  </reporter-output>
  <suite started-at="2024-02-19T17:32:09Z" name="Default suite" finished-at="2024-02-19T17:32:17Z" duration-ms="7789">
    <groups>
    </groups>
    <test started-at="2024-02-19T17:32:09Z" name="Default test" finished-at="2024-02-19T17:32:17Z" duration-ms="7789">
      <class name="com.naveenautomation.tests.AccountLoginPageTest">
        <test-method is-config="true" signature="launchBrowser()[pri:0, instance:com.naveenautomation.tests.AccountLoginPageTest@68df9280]" started-at="2024-02-19T17:32:09Z" name="launchBrowser" finished-at="2024-02-19T17:32:15Z" duration-ms="5220" status="PASS">
          <reporter-output>
          </reporter-output>
        </test-method> <!-- launchBrowser -->
        <test-method signature="validateLogin()[pri:0, instance:com.naveenautomation.tests.AccountLoginPageTest@68df9280]" started-at="2024-02-19T17:32:15Z" name="validateLogin" finished-at="2024-02-19T17:32:16Z" duration-ms="1843" status="PASS">
          <reporter-output>
          </reporter-output>
        </test-method> <!-- validateLogin -->
        <test-method is-config="true" signature="closeBrowser()[pri:0, instance:com.naveenautomation.tests.AccountLoginPageTest@68df9280]" started-at="2024-02-19T17:32:16Z" name="closeBrowser" finished-at="2024-02-19T17:32:17Z" duration-ms="711" status="PASS">
          <reporter-output>
          </reporter-output>
        </test-method> <!-- closeBrowser -->
      </class> <!-- com.naveenautomation.tests.AccountLoginPageTest -->
    </test> <!-- Default test -->
  </suite> <!-- Default suite -->
</testng-results>
